TN:
SF:src/app.js
FN:52,(anonymous_0)
FNF:1
FNH:0
FNDA:0,(anonymous_0)
DA:7,3
DA:8,3
DA:9,3
DA:10,3
DA:11,3
DA:12,3
DA:13,3
DA:14,3
DA:16,3
DA:17,3
DA:19,3
DA:20,3
DA:21,3
DA:22,3
DA:24,3
DA:25,3
DA:27,3
DA:33,3
DA:41,3
DA:42,3
DA:43,3
DA:44,3
DA:46,3
DA:48,3
DA:52,3
DA:53,0
DA:60,3
LF:27
LH:26
BRF:0
BRH:0
end_of_record
TN:
SF:src/authenticate.js
FN:5,(anonymous_0)
FNF:1
FNH:0
FNDA:0,(anonymous_0)
DA:1,3
DA:2,3
DA:3,3
DA:5,3
DA:6,0
DA:7,0
DA:9,0
DA:10,0
DA:11,0
DA:12,0
DA:16,0
DA:17,0
DA:19,0
DA:21,0
DA:22,0
DA:26,3
LF:16
LH:5
BRF:0
BRH:0
end_of_record
TN:
SF:src/donkey.js
FN:6,(anonymous_0)
FN:27,(anonymous_1)
FN:35,(anonymous_2)
FN:42,(anonymous_3)
FN:48,(anonymous_4)
FNF:5
FNH:0
FNDA:0,(anonymous_0)
FNDA:0,(anonymous_1)
FNDA:0,(anonymous_2)
FNDA:0,(anonymous_3)
FNDA:0,(anonymous_4)
DA:1,3
DA:2,3
DA:3,3
DA:4,3
DA:6,3
DA:7,0
DA:9,0
DA:10,0
DA:11,0
DA:13,0
DA:15,0
DA:20,0
DA:23,0
DA:27,3
DA:29,0
DA:31,0
DA:35,3
DA:36,0
DA:37,0
DA:39,0
DA:42,3
DA:43,0
DA:44,0
DA:45,0
DA:48,3
DA:49,0
DA:50,0
DA:54,0
DA:55,0
DA:56,0
DA:58,0
DA:64,0
DA:65,0
LF:33
LH:9
BRDA:11,0,0,0
BRDA:11,0,1,0
BRDA:55,1,0,0
BRDA:55,1,1,0
BRF:4
BRH:0
end_of_record
TN:
SF:src/dummy.js
FN:22,(anonymous_0)
FN:32,(anonymous_1)
FNF:2
FNH:0
FNDA:0,(anonymous_0)
FNDA:0,(anonymous_1)
DA:12,3
DA:14,3
DA:22,3
DA:23,0
DA:24,0
DA:28,0
DA:29,0
DA:32,3
DA:33,0
LF:9
LH:4
BRF:0
BRH:0
end_of_record
TN:
SF:src/email.js
FN:14,(anonymous_0)
FN:26,(anonymous_1)
FN:35,(anonymous_2)
FN:48,(anonymous_3)
FN:55,(anonymous_4)
FN:64,(anonymous_5)
FN:70,(anonymous_6)
FN:88,(anonymous_7)
FN:101,(anonymous_8)
FN:115,(anonymous_9)
FNF:10
FNH:0
FNDA:0,(anonymous_0)
FNDA:0,(anonymous_1)
FNDA:0,(anonymous_2)
FNDA:0,(anonymous_3)
FNDA:0,(anonymous_4)
FNDA:0,(anonymous_5)
FNDA:0,(anonymous_6)
FNDA:0,(anonymous_7)
FNDA:0,(anonymous_8)
FNDA:0,(anonymous_9)
DA:1,3
DA:3,3
DA:4,3
DA:6,3
DA:14,3
DA:15,0
DA:19,0
DA:20,0
DA:23,0
DA:26,3
DA:27,0
DA:33,0
DA:35,0
DA:36,0
DA:38,0
DA:45,0
DA:48,3
DA:49,0
DA:50,0
DA:52,0
DA:55,3
DA:56,0
DA:61,0
DA:64,0
DA:70,3
DA:71,0
DA:85,0
DA:88,0
DA:89,0
DA:90,0
DA:101,3
DA:102,0
DA:107,0
DA:108,0
DA:109,0
DA:111,0
DA:115,3
DA:116,0
DA:122,0
DA:123,0
LF:40
LH:11
BRDA:19,0,0,0
BRDA:19,0,1,0
BRDA:108,1,0,0
BRDA:108,1,1,0
BRF:4
BRH:0
end_of_record
TN:
SF:src/__tests__/db.js
FN:26,(anonymous_0)
FN:35,(anonymous_1)
FN:41,(anonymous_2)
FN:42,(anonymous_3)
FNF:4
FNH:4
FNDA:3,(anonymous_0)
FNDA:3,(anonymous_1)
FNDA:3,(anonymous_2)
FNDA:3,(anonymous_3)
DA:12,3
DA:13,3
DA:15,3
DA:16,3
DA:18,3
DA:26,3
DA:27,3
DA:28,3
DA:29,3
DA:30,3
DA:31,3
DA:35,3
DA:36,3
DA:37,0
DA:38,0
DA:41,3
DA:42,3
LF:17
LH:15
BRF:0
BRH:0
end_of_record
