{"/Users/harishdukkipati/Downloads/Assignment8 (6)/backend/src/app.js": {"path":"/Users/harishdukkipati/Downloads/Assignment8 (6)/backend/src/app.js","statementMap":{"0":{"start":{"line":7,"column":16},"end":{"line":7,"column":34}},"1":{"start":{"line":8,"column":13},"end":{"line":8,"column":28}},"2":{"start":{"line":9,"column":13},"end":{"line":9,"column":31}},"3":{"start":{"line":10,"column":18},"end":{"line":10,"column":47}},"4":{"start":{"line":11,"column":11},"end":{"line":11,"column":24}},"5":{"start":{"line":12,"column":13},"end":{"line":12,"column":28}},"6":{"start":{"line":13,"column":25},"end":{"line":13,"column":61}},"7":{"start":{"line":14,"column":21},"end":{"line":14,"column":46}},"8":{"start":{"line":16,"column":15},"end":{"line":16,"column":34}},"9":{"start":{"line":17,"column":14},"end":{"line":17,"column":32}},"10":{"start":{"line":19,"column":12},"end":{"line":19,"column":21}},"11":{"start":{"line":20,"column":0},"end":{"line":20,"column":16}},"12":{"start":{"line":21,"column":0},"end":{"line":21,"column":24}},"13":{"start":{"line":22,"column":0},"end":{"line":22,"column":47}},"14":{"start":{"line":24,"column":16},"end":{"line":24,"column":59}},"15":{"start":{"line":25,"column":15},"end":{"line":25,"column":58}},"16":{"start":{"line":27,"column":0},"end":{"line":31,"column":2}},"17":{"start":{"line":33,"column":0},"end":{"line":39,"column":2}},"18":{"start":{"line":41,"column":0},"end":{"line":41,"column":36}},"19":{"start":{"line":42,"column":0},"end":{"line":42,"column":32}},"20":{"start":{"line":43,"column":0},"end":{"line":43,"column":61}},"21":{"start":{"line":44,"column":0},"end":{"line":45,"column":33}},"22":{"start":{"line":46,"column":0},"end":{"line":47,"column":31}},"23":{"start":{"line":48,"column":0},"end":{"line":49,"column":32}},"24":{"start":{"line":52,"column":0},"end":{"line":58,"column":3}},"25":{"start":{"line":53,"column":2},"end":{"line":57,"column":5}},"26":{"start":{"line":60,"column":0},"end":{"line":60,"column":21}}},"fnMap":{"0":{"name":"(anonymous_0)","decl":{"start":{"line":52,"column":8},"end":{"line":52,"column":9}},"loc":{"start":{"line":52,"column":33},"end":{"line":58,"column":1}},"line":52}},"branchMap":{},"s":{"0":3,"1":3,"2":3,"3":3,"4":3,"5":3,"6":3,"7":3,"8":3,"9":3,"10":3,"11":3,"12":3,"13":3,"14":3,"15":3,"16":3,"17":3,"18":3,"19":3,"20":3,"21":3,"22":3,"23":3,"24":3,"25":0,"26":3},"f":{"0":0},"b":{},"_coverageSchema":"1a1c01bbd47fc00a2c39e90264f33305004495a9","hash":"43f43626e666d53cd34cc5055a19798d0f6f7bec"}
,"/Users/harishdukkipati/Downloads/Assignment8 (6)/backend/src/authenticate.js": {"path":"/Users/harishdukkipati/Downloads/Assignment8 (6)/backend/src/authenticate.js","statementMap":{"0":{"start":{"line":1,"column":16},"end":{"line":1,"column":36}},"1":{"start":{"line":2,"column":12},"end":{"line":2,"column":35}},"2":{"start":{"line":3,"column":11},"end":{"line":3,"column":29}},"3":{"start":{"line":5,"column":21},"end":{"line":24,"column":1}},"4":{"start":{"line":6,"column":2},"end":{"line":6,"column":31}},"5":{"start":{"line":7,"column":16},"end":{"line":7,"column":56}},"6":{"start":{"line":9,"column":2},"end":{"line":23,"column":3}},"7":{"start":{"line":10,"column":4},"end":{"line":10,"column":37}},"8":{"start":{"line":11,"column":21},"end":{"line":11,"column":59}},"9":{"start":{"line":12,"column":4},"end":{"line":12,"column":33}},"10":{"start":{"line":16,"column":17},"end":{"line":16,"column":49}},"11":{"start":{"line":17,"column":4},"end":{"line":17,"column":20}},"12":{"start":{"line":19,"column":4},"end":{"line":19,"column":11}},"13":{"start":{"line":21,"column":4},"end":{"line":21,"column":31}},"14":{"start":{"line":22,"column":4},"end":{"line":22,"column":42}},"15":{"start":{"line":26,"column":0},"end":{"line":26,"column":30}}},"fnMap":{"0":{"name":"(anonymous_0)","decl":{"start":{"line":5,"column":21},"end":{"line":5,"column":22}},"loc":{"start":{"line":5,"column":47},"end":{"line":24,"column":1}},"line":5}},"branchMap":{},"s":{"0":3,"1":3,"2":3,"3":3,"4":0,"5":0,"6":0,"7":0,"8":0,"9":0,"10":0,"11":0,"12":0,"13":0,"14":0,"15":3},"f":{"0":0},"b":{},"_coverageSchema":"1a1c01bbd47fc00a2c39e90264f33305004495a9","hash":"6866f6cdf55bd0d64b988a76b4eb0242f97048d9"}
,"/Users/harishdukkipati/Downloads/Assignment8 (6)/backend/src/donkey.js": {"path":"/Users/harishdukkipati/Downloads/Assignment8 (6)/backend/src/donkey.js","statementMap":{"0":{"start":{"line":1,"column":15},"end":{"line":1,"column":34}},"1":{"start":{"line":2,"column":16},"end":{"line":2,"column":36}},"2":{"start":{"line":3,"column":12},"end":{"line":3,"column":35}},"3":{"start":{"line":4,"column":11},"end":{"line":4,"column":29}},"4":{"start":{"line":6,"column":0},"end":{"line":25,"column":2}},"5":{"start":{"line":7,"column":28},"end":{"line":7,"column":36}},"6":{"start":{"line":9,"column":2},"end":{"line":24,"column":3}},"7":{"start":{"line":10,"column":17},"end":{"line":10,"column":45}},"8":{"start":{"line":11,"column":4},"end":{"line":14,"column":5}},"9":{"start":{"line":13,"column":6},"end":{"line":13,"column":45}},"10":{"start":{"line":15,"column":24},"end":{"line":19,"column":5}},"11":{"start":{"line":20,"column":4},"end":{"line":20,"column":80}},"12":{"start":{"line":23,"column":4},"end":{"line":23,"column":40}},"13":{"start":{"line":27,"column":0},"end":{"line":32,"column":2}},"14":{"start":{"line":29,"column":21},"end":{"line":29,"column":62}},"15":{"start":{"line":31,"column":2},"end":{"line":31,"column":35}},"16":{"start":{"line":35,"column":0},"end":{"line":40,"column":2}},"17":{"start":{"line":36,"column":24},"end":{"line":36,"column":34}},"18":{"start":{"line":37,"column":19},"end":{"line":37,"column":65}},"19":{"start":{"line":39,"column":2},"end":{"line":39,"column":33}},"20":{"start":{"line":42,"column":0},"end":{"line":46,"column":2}},"21":{"start":{"line":43,"column":22},"end":{"line":43,"column":32}},"22":{"start":{"line":44,"column":19},"end":{"line":44,"column":61}},"23":{"start":{"line":45,"column":2},"end":{"line":45,"column":33}},"24":{"start":{"line":48,"column":0},"end":{"line":66,"column":2}},"25":{"start":{"line":49,"column":20},"end":{"line":49,"column":40}},"26":{"start":{"line":50,"column":34},"end":{"line":50,"column":42}},"27":{"start":{"line":54,"column":17},"end":{"line":54,"column":47}},"28":{"start":{"line":55,"column":2},"end":{"line":57,"column":3}},"29":{"start":{"line":56,"column":4},"end":{"line":56,"column":51}},"30":{"start":{"line":58,"column":22},"end":{"line":62,"column":4}},"31":{"start":{"line":64,"column":23},"end":{"line":64,"column":77}},"32":{"start":{"line":65,"column":2},"end":{"line":65,"column":37}}},"fnMap":{"0":{"name":"(anonymous_0)","decl":{"start":{"line":6,"column":16},"end":{"line":6,"column":17}},"loc":{"start":{"line":6,"column":36},"end":{"line":25,"column":1}},"line":6},"1":{"name":"(anonymous_1)","decl":{"start":{"line":27,"column":24},"end":{"line":27,"column":25}},"loc":{"start":{"line":27,"column":44},"end":{"line":32,"column":1}},"line":27},"2":{"name":"(anonymous_2)","decl":{"start":{"line":35,"column":33},"end":{"line":35,"column":34}},"loc":{"start":{"line":35,"column":53},"end":{"line":40,"column":1}},"line":35},"3":{"name":"(anonymous_3)","decl":{"start":{"line":42,"column":31},"end":{"line":42,"column":32}},"loc":{"start":{"line":42,"column":51},"end":{"line":46,"column":1}},"line":42},"4":{"name":"(anonymous_4)","decl":{"start":{"line":48,"column":32},"end":{"line":48,"column":33}},"loc":{"start":{"line":48,"column":52},"end":{"line":66,"column":1}},"line":48}},"branchMap":{"0":{"loc":{"start":{"line":11,"column":4},"end":{"line":14,"column":5}},"type":"if","locations":[{"start":{"line":11,"column":4},"end":{"line":14,"column":5}},{"start":{},"end":{}}],"line":11},"1":{"loc":{"start":{"line":55,"column":2},"end":{"line":57,"column":3}},"type":"if","locations":[{"start":{"line":55,"column":2},"end":{"line":57,"column":3}},{"start":{},"end":{}}],"line":55}},"s":{"0":3,"1":3,"2":3,"3":3,"4":3,"5":0,"6":0,"7":0,"8":0,"9":0,"10":0,"11":0,"12":0,"13":3,"14":0,"15":0,"16":3,"17":0,"18":0,"19":0,"20":3,"21":0,"22":0,"23":0,"24":3,"25":0,"26":0,"27":0,"28":0,"29":0,"30":0,"31":0,"32":0},"f":{"0":0,"1":0,"2":0,"3":0,"4":0},"b":{"0":[0,0],"1":[0,0]},"_coverageSchema":"1a1c01bbd47fc00a2c39e90264f33305004495a9","hash":"9d68dd2d0d17ff008c17171ed9164380c072ed43"}
,"/Users/harishdukkipati/Downloads/Assignment8 (6)/backend/src/dummy.js": {"path":"/Users/harishdukkipati/Downloads/Assignment8 (6)/backend/src/dummy.js","statementMap":{"0":{"start":{"line":12,"column":15},"end":{"line":12,"column":28}},"1":{"start":{"line":14,"column":13},"end":{"line":20,"column":2}},"2":{"start":{"line":22,"column":20},"end":{"line":30,"column":1}},"3":{"start":{"line":23,"column":17},"end":{"line":23,"column":38}},"4":{"start":{"line":24,"column":16},"end":{"line":27,"column":3}},"5":{"start":{"line":28,"column":17},"end":{"line":28,"column":40}},"6":{"start":{"line":29,"column":2},"end":{"line":29,"column":25}},"7":{"start":{"line":32,"column":0},"end":{"line":36,"column":2}},"8":{"start":{"line":33,"column":2},"end":{"line":35,"column":52}}},"fnMap":{"0":{"name":"(anonymous_0)","decl":{"start":{"line":22,"column":20},"end":{"line":22,"column":21}},"loc":{"start":{"line":22,"column":32},"end":{"line":30,"column":1}},"line":22},"1":{"name":"(anonymous_1)","decl":{"start":{"line":32,"column":14},"end":{"line":32,"column":15}},"loc":{"start":{"line":32,"column":34},"end":{"line":36,"column":1}},"line":32}},"branchMap":{},"s":{"0":3,"1":3,"2":3,"3":0,"4":0,"5":0,"6":0,"7":3,"8":0},"f":{"0":0,"1":0},"b":{},"_coverageSchema":"1a1c01bbd47fc00a2c39e90264f33305004495a9","hash":"c540a90ed3aae1d5d3ac24e52607a5969fac1491"}
,"/Users/harishdukkipati/Downloads/Assignment8 (6)/backend/src/email.js": {"path":"/Users/harishdukkipati/Downloads/Assignment8 (6)/backend/src/email.js","statementMap":{"0":{"start":{"line":1,"column":15},"end":{"line":1,"column":28}},"1":{"start":{"line":3,"column":0},"end":{"line":3,"column":27}},"2":{"start":{"line":4,"column":0},"end":{"line":4,"column":31}},"3":{"start":{"line":6,"column":13},"end":{"line":12,"column":2}},"4":{"start":{"line":14,"column":0},"end":{"line":24,"column":2}},"5":{"start":{"line":15,"column":14},"end":{"line":18,"column":3}},"6":{"start":{"line":19,"column":2},"end":{"line":21,"column":3}},"7":{"start":{"line":20,"column":4},"end":{"line":20,"column":43}},"8":{"start":{"line":23,"column":2},"end":{"line":23,"column":21}},"9":{"start":{"line":26,"column":0},"end":{"line":46,"column":2}},"10":{"start":{"line":27,"column":20},"end":{"line":32,"column":3}},"11":{"start":{"line":33,"column":17},"end":{"line":33,"column":54}},"12":{"start":{"line":35,"column":24},"end":{"line":44,"column":4}},"13":{"start":{"line":36,"column":26},"end":{"line":36,"column":44}},"14":{"start":{"line":38,"column":4},"end":{"line":43,"column":6}},"15":{"start":{"line":45,"column":2},"end":{"line":45,"column":23}},"16":{"start":{"line":48,"column":0},"end":{"line":53,"column":2}},"17":{"start":{"line":49,"column":16},"end":{"line":49,"column":51}},"18":{"start":{"line":50,"column":17},"end":{"line":50,"column":50}},"19":{"start":{"line":52,"column":2},"end":{"line":52,"column":17}},"20":{"start":{"line":55,"column":0},"end":{"line":68,"column":2}},"21":{"start":{"line":56,"column":20},"end":{"line":60,"column":3}},"22":{"start":{"line":61,"column":17},"end":{"line":61,"column":59}},"23":{"start":{"line":64,"column":2},"end":{"line":67,"column":6}},"24":{"start":{"line":64,"column":28},"end":{"line":67,"column":3}},"25":{"start":{"line":70,"column":0},"end":{"line":99,"column":2}},"26":{"start":{"line":71,"column":20},"end":{"line":83,"column":3}},"27":{"start":{"line":85,"column":17},"end":{"line":85,"column":57}},"28":{"start":{"line":88,"column":2},"end":{"line":98,"column":5}},"29":{"start":{"line":89,"column":24},"end":{"line":89,"column":40}},"30":{"start":{"line":90,"column":4},"end":{"line":97,"column":6}},"31":{"start":{"line":101,"column":0},"end":{"line":113,"column":2}},"32":{"start":{"line":102,"column":20},"end":{"line":106,"column":3}},"33":{"start":{"line":107,"column":17},"end":{"line":107,"column":52}},"34":{"start":{"line":108,"column":2},"end":{"line":112,"column":3}},"35":{"start":{"line":109,"column":4},"end":{"line":109,"column":22}},"36":{"start":{"line":111,"column":4},"end":{"line":111,"column":16}},"37":{"start":{"line":115,"column":0},"end":{"line":124,"column":2}},"38":{"start":{"line":116,"column":20},"end":{"line":120,"column":3}},"39":{"start":{"line":122,"column":4},"end":{"line":122,"column":65}},"40":{"start":{"line":123,"column":2},"end":{"line":123,"column":30}}},"fnMap":{"0":{"name":"(anonymous_0)","decl":{"start":{"line":14,"column":23},"end":{"line":14,"column":24}},"loc":{"start":{"line":14,"column":40},"end":{"line":24,"column":1}},"line":14},"1":{"name":"(anonymous_1)","decl":{"start":{"line":26,"column":31},"end":{"line":26,"column":32}},"loc":{"start":{"line":26,"column":49},"end":{"line":46,"column":1}},"line":26},"2":{"name":"(anonymous_2)","decl":{"start":{"line":35,"column":33},"end":{"line":35,"column":34}},"loc":{"start":{"line":35,"column":42},"end":{"line":44,"column":3}},"line":35},"3":{"name":"(anonymous_3)","decl":{"start":{"line":48,"column":22},"end":{"line":48,"column":23}},"loc":{"start":{"line":48,"column":40},"end":{"line":53,"column":1}},"line":48},"4":{"name":"(anonymous_4)","decl":{"start":{"line":55,"column":35},"end":{"line":55,"column":36}},"loc":{"start":{"line":55,"column":58},"end":{"line":68,"column":1}},"line":55},"5":{"name":"(anonymous_5)","decl":{"start":{"line":64,"column":18},"end":{"line":64,"column":19}},"loc":{"start":{"line":64,"column":28},"end":{"line":67,"column":3}},"line":64},"6":{"name":"(anonymous_6)","decl":{"start":{"line":70,"column":33},"end":{"line":70,"column":34}},"loc":{"start":{"line":70,"column":54},"end":{"line":99,"column":1}},"line":70},"7":{"name":"(anonymous_7)","decl":{"start":{"line":88,"column":18},"end":{"line":88,"column":19}},"loc":{"start":{"line":88,"column":27},"end":{"line":98,"column":3}},"line":88},"8":{"name":"(anonymous_8)","decl":{"start":{"line":101,"column":26},"end":{"line":101,"column":27}},"loc":{"start":{"line":101,"column":42},"end":{"line":113,"column":1}},"line":101},"9":{"name":"(anonymous_9)","decl":{"start":{"line":115,"column":24},"end":{"line":115,"column":25}},"loc":{"start":{"line":115,"column":66},"end":{"line":124,"column":1}},"line":115}},"branchMap":{"0":{"loc":{"start":{"line":19,"column":2},"end":{"line":21,"column":3}},"type":"if","locations":[{"start":{"line":19,"column":2},"end":{"line":21,"column":3}},{"start":{},"end":{}}],"line":19},"1":{"loc":{"start":{"line":108,"column":2},"end":{"line":112,"column":3}},"type":"if","locations":[{"start":{"line":108,"column":2},"end":{"line":112,"column":3}},{"start":{"line":110,"column":9},"end":{"line":112,"column":3}}],"line":108}},"s":{"0":3,"1":3,"2":3,"3":3,"4":3,"5":0,"6":0,"7":0,"8":0,"9":3,"10":0,"11":0,"12":0,"13":0,"14":0,"15":0,"16":3,"17":0,"18":0,"19":0,"20":3,"21":0,"22":0,"23":0,"24":0,"25":3,"26":0,"27":0,"28":0,"29":0,"30":0,"31":3,"32":0,"33":0,"34":0,"35":0,"36":0,"37":3,"38":0,"39":0,"40":0},"f":{"0":0,"1":0,"2":0,"3":0,"4":0,"5":0,"6":0,"7":0,"8":0,"9":0},"b":{"0":[0,0],"1":[0,0]},"_coverageSchema":"1a1c01bbd47fc00a2c39e90264f33305004495a9","hash":"163151c2d7a20c30ee06b83be4aea28f5a649a61"}
,"/Users/harishdukkipati/Downloads/Assignment8 (6)/backend/src/__tests__/db.js": {"path":"/Users/harishdukkipati/Downloads/Assignment8 (6)/backend/src/__tests__/db.js","statementMap":{"0":{"start":{"line":12,"column":11},"end":{"line":12,"column":24}},"1":{"start":{"line":13,"column":15},"end":{"line":13,"column":28}},"2":{"start":{"line":15,"column":0},"end":{"line":15,"column":27}},"3":{"start":{"line":16,"column":0},"end":{"line":16,"column":31}},"4":{"start":{"line":18,"column":13},"end":{"line":24,"column":2}},"5":{"start":{"line":26,"column":12},"end":{"line":33,"column":1}},"6":{"start":{"line":27,"column":2},"end":{"line":27,"column":39}},"7":{"start":{"line":28,"column":18},"end":{"line":28,"column":47}},"8":{"start":{"line":29,"column":21},"end":{"line":29,"column":43}},"9":{"start":{"line":30,"column":2},"end":{"line":32,"column":3}},"10":{"start":{"line":31,"column":4},"end":{"line":31,"column":32}},"11":{"start":{"line":35,"column":0},"end":{"line":39,"column":2}},"12":{"start":{"line":36,"column":2},"end":{"line":36,"column":30}},"13":{"start":{"line":37,"column":2},"end":{"line":37,"column":28}},"14":{"start":{"line":38,"column":2},"end":{"line":38,"column":31}},"15":{"start":{"line":41,"column":0},"end":{"line":45,"column":2}},"16":{"start":{"line":42,"column":2},"end":{"line":44,"column":5}}},"fnMap":{"0":{"name":"(anonymous_0)","decl":{"start":{"line":26,"column":12},"end":{"line":26,"column":13}},"loc":{"start":{"line":26,"column":28},"end":{"line":33,"column":1}},"line":26},"1":{"name":"(anonymous_1)","decl":{"start":{"line":35,"column":16},"end":{"line":35,"column":17}},"loc":{"start":{"line":35,"column":28},"end":{"line":39,"column":1}},"line":35},"2":{"name":"(anonymous_2)","decl":{"start":{"line":41,"column":19},"end":{"line":41,"column":20}},"loc":{"start":{"line":41,"column":25},"end":{"line":45,"column":1}},"line":41},"3":{"name":"(anonymous_3)","decl":{"start":{"line":42,"column":11},"end":{"line":42,"column":12}},"loc":{"start":{"line":42,"column":17},"end":{"line":44,"column":3}},"line":42}},"branchMap":{},"s":{"0":3,"1":3,"2":3,"3":3,"4":3,"5":3,"6":3,"7":3,"8":3,"9":3,"10":3,"11":3,"12":3,"13":0,"14":0,"15":3,"16":3},"f":{"0":3,"1":3,"2":3,"3":3},"b":{},"_coverageSchema":"1a1c01bbd47fc00a2c39e90264f33305004495a9","hash":"93109ab5d9526e1cd6843c4059856ebcc051e22a"}
}
